2024-04-04 20:59:20,108 - INFO - Excel files found: ['1-Direct Cost-Original (1).xlsx', '2-OverHead Cost-Original.xlsx']
2024-04-04 20:59:20,226 - INFO - Sheet names in C:\Users\HP\Desktop\C files excel\1-Direct Cost-Original (1).xlsx: ['Direct Cost Summary', 'config', 'Site personel & Labor ', 'Material Cost ', 'Equipment Cost + Maintenance ', 'Facilities & Utilities ', 'Project Insurance', 'Testing & Inspection ', 'Subcontractor Cost ', 'Equipment Rental ', 'Occasional Tips ', 'Permits & Fees ', 'Safety & Compliance Cost', 'scenario-INS']
2024-04-04 21:00:37,199 - INFO - Appended new row to Direct Cost Summary in C:\Users\HP\Desktop\C files excel\1-Direct Cost-Original (1).xlsx
2024-04-04 21:02:25,272 - INFO - Excel files found: ['1-Direct Cost-Original (1).xlsx', '1-Direct Cost-Original (1)_new.xlsx', '2-OverHead Cost-Original.xlsx']
2024-04-04 21:02:25,372 - INFO - Sheet names in C:\Users\HP\Desktop\C files excel\1-Direct Cost-Original (1).xlsx: ['Direct Cost Summary', 'config', 'Site personel & Labor ', 'Material Cost ', 'Equipment Cost + Maintenance ', 'Facilities & Utilities ', 'Project Insurance', 'Testing & Inspection ', 'Subcontractor Cost ', 'Equipment Rental ', 'Occasional Tips ', 'Permits & Fees ', 'Safety & Compliance Cost', 'scenario-INS']
2024-04-04 21:02:33,040 - INFO - Appended new row to Direct Cost Summary in C:\Users\HP\Desktop\C files excel\1-Direct Cost-Original (1).xlsx
2024-04-04 21:04:01,975 - ERROR - Error appending row to Direct Cost Summary in C:\Users\HP\Desktop\C files excel\1-Direct Cost-Original (1).xlsx: [Errno 13] Permission denied: 'C:\\Users\\HP\\Desktop\\C files excel\\1-Direct Cost-Original (1).xlsx'
2024-04-04 21:04:13,021 - INFO - Appended new row to Direct Cost Summary in C:\Users\HP\Desktop\C files excel\1-Direct Cost-Original (1).xlsx
2024-04-04 21:04:20,927 - INFO - Appended new row to Direct Cost Summary in C:\Users\HP\Desktop\C files excel\1-Direct Cost-Original (1).xlsx
2024-04-04 21:08:33,070 - INFO - Excel files found: ['1-Direct Cost-Original (1).xlsx', '2-OverHead Cost-Original.xlsx']
2024-04-04 21:08:33,178 - INFO - Sheet names in C:\Users\HP\Desktop\C files excel\1-Direct Cost-Original (1).xlsx: ['Direct Cost Summary', 'config', 'Site personel & Labor ', 'Material Cost ', 'Equipment Cost + Maintenance ', 'Facilities & Utilities ', 'Project Insurance', 'Testing & Inspection ', 'Subcontractor Cost ', 'Equipment Rental ', 'Occasional Tips ', 'Permits & Fees ', 'Safety & Compliance Cost', 'scenario-INS']
2024-05-06 10:17:38,144 - INFO - Excel files found: ['1-Direct Cost-Original (1).xlsx', '2-OverHead Cost-Original.xlsx', '~$1-Direct Cost-Original (1).xlsx']
2024-05-06 10:17:38,255 - INFO - Sheet names in C:\Users\HP\Desktop\C files excel\1-Direct Cost-Original (1).xlsx: ['Direct Cost Summary', 'config', 'Site personel & Labor ', 'Material Cost ', 'Equipment Cost + Maintenance ', 'Facilities & Utilities ', 'Project Insurance', 'Testing & Inspection ', 'Subcontractor Cost ', 'Equipment Rental ', 'Occasional Tips ', 'Permits & Fees ', 'Safety & Compliance Cost', 'scenario-INS']
2024-05-06 10:19:26,662 - ERROR - Failed to open C:\Users\HP\Desktop\C files excel\~$1-Direct Cost-Original (1).xlsx: [Errno 13] Permission denied: 'C:\\Users\\HP\\Desktop\\C files excel\\~$1-Direct Cost-Original (1).xlsx'
2024-05-06 10:19:26,664 - ERROR - Failed to open C:\Users\HP\Desktop\C files excel\~$1-Direct Cost-Original (1).xlsx: [Errno 13] Permission denied: 'C:\\Users\\HP\\Desktop\\C files excel\\~$1-Direct Cost-Original (1).xlsx'
2024-05-06 10:19:30,587 - INFO - Sheet names in C:\Users\HP\Desktop\C files excel\2-OverHead Cost-Original.xlsx: ['General', 'Rental Cost', 'Transportation Cost', 'Salaries & Benefits', 'Utility Cost', 'Personal Insurance', 'Gov. Paper Cost', 'Work Insurance', 'Asset Taxes', 'Depreciation Cost', 'Subscriptions & Lisences', 'Maintenance Cost', 'Transportation Maintenance', 'Training of Full Time Employees', 'Office Supplies', 'Corporate Management Expenses', 'Legal Fees', 'Cost of Financing']
2024-05-06 10:19:30,628 - ERROR - Failed to read config sheet in C:\Users\HP\Desktop\C files excel\2-OverHead Cost-Original.xlsx: Worksheet named 'config' not found
2024-05-06 10:19:36,321 - ERROR - Failed to read config sheet in C:\Users\HP\Desktop\C files excel\2-OverHead Cost-Original.xlsx: Worksheet named 'config' not found
2024-05-06 10:19:39,956 - INFO - Sheet names in C:\Users\HP\Desktop\C files excel\1-Direct Cost-Original (1).xlsx: ['Direct Cost Summary', 'config', 'Site personel & Labor ', 'Material Cost ', 'Equipment Cost + Maintenance ', 'Facilities & Utilities ', 'Project Insurance', 'Testing & Inspection ', 'Subcontractor Cost ', 'Equipment Rental ', 'Occasional Tips ', 'Permits & Fees ', 'Safety & Compliance Cost', 'scenario-INS']
2024-05-06 10:20:36,978 - INFO - Excel files found: ['1-Direct Cost-Original (1).xlsx', '2-OverHead Cost-Original.xlsx', '~$1-Direct Cost-Original (1).xlsx']
2024-05-06 10:20:37,055 - INFO - Sheet names in C:\Users\HP\Desktop\C files excel\1-Direct Cost-Original (1).xlsx: ['Direct Cost Summary', 'config', 'Site personel & Labor ', 'Material Cost ', 'Equipment Cost + Maintenance ', 'Facilities & Utilities ', 'Project Insurance', 'Testing & Inspection ', 'Subcontractor Cost ', 'Equipment Rental ', 'Occasional Tips ', 'Permits & Fees ', 'Safety & Compliance Cost', 'scenario-INS']
2024-05-06 10:20:39,607 - INFO - Excel files found: ['1-Direct Cost-Original (1).xlsx', '2-OverHead Cost-Original.xlsx', '~$1-Direct Cost-Original (1).xlsx']
2024-05-06 10:20:39,692 - INFO - Sheet names in C:\Users\HP\Desktop\C files excel\1-Direct Cost-Original (1).xlsx: ['Direct Cost Summary', 'config', 'Site personel & Labor ', 'Material Cost ', 'Equipment Cost + Maintenance ', 'Facilities & Utilities ', 'Project Insurance', 'Testing & Inspection ', 'Subcontractor Cost ', 'Equipment Rental ', 'Occasional Tips ', 'Permits & Fees ', 'Safety & Compliance Cost', 'scenario-INS']
2024-05-06 10:20:49,361 - INFO - Excel files found: ['1-Direct Cost-Original (1).xlsx', '2-OverHead Cost-Original.xlsx', '~$1-Direct Cost-Original (1).xlsx']
2024-05-06 10:20:49,464 - INFO - Sheet names in C:\Users\HP\Desktop\C files excel\1-Direct Cost-Original (1).xlsx: ['Direct Cost Summary', 'config', 'Site personel & Labor ', 'Material Cost ', 'Equipment Cost + Maintenance ', 'Facilities & Utilities ', 'Project Insurance', 'Testing & Inspection ', 'Subcontractor Cost ', 'Equipment Rental ', 'Occasional Tips ', 'Permits & Fees ', 'Safety & Compliance Cost', 'scenario-INS']
2024-05-06 10:20:55,382 - INFO - Excel files found: ['1-Direct Cost-Original (1).xlsx', '2-OverHead Cost-Original.xlsx', '~$1-Direct Cost-Original (1).xlsx']
2024-05-06 10:20:55,450 - INFO - Sheet names in C:\Users\HP\Desktop\C files excel\1-Direct Cost-Original (1).xlsx: ['Direct Cost Summary', 'config', 'Site personel & Labor ', 'Material Cost ', 'Equipment Cost + Maintenance ', 'Facilities & Utilities ', 'Project Insurance', 'Testing & Inspection ', 'Subcontractor Cost ', 'Equipment Rental ', 'Occasional Tips ', 'Permits & Fees ', 'Safety & Compliance Cost', 'scenario-INS']
2024-05-06 10:21:36,758 - ERROR - Error appending row to Direct Cost Summary in C:\Users\HP\Desktop\C files excel\1-Direct Cost-Original (1).xlsx: 'Column Name 9'
2024-05-06 10:22:44,122 - ERROR - Error appending row to Direct Cost Summary in C:\Users\HP\Desktop\C files excel\1-Direct Cost-Original (1).xlsx: 'Column Name 9'
2024-05-06 10:23:32,484 - INFO - Excel files found: ['1-Direct Cost-Original (1).xlsx', '2-OverHead Cost-Original.xlsx', '~$1-Direct Cost-Original (1).xlsx']
2024-05-06 10:23:32,544 - INFO - Sheet names in C:\Users\HP\Desktop\C files excel\1-Direct Cost-Original (1).xlsx: ['Direct Cost Summary', 'config', 'Site personel & Labor ', 'Material Cost ', 'Equipment Cost + Maintenance ', 'Facilities & Utilities ', 'Project Insurance', 'Testing & Inspection ', 'Subcontractor Cost ', 'Equipment Rental ', 'Occasional Tips ', 'Permits & Fees ', 'Safety & Compliance Cost', 'scenario-INS']
2024-05-06 10:23:37,710 - INFO - Sheet names in C:\Users\HP\Desktop\C files excel\2-OverHead Cost-Original.xlsx: ['General', 'Rental Cost', 'Transportation Cost', 'Salaries & Benefits', 'Utility Cost', 'Personal Insurance', 'Gov. Paper Cost', 'Work Insurance', 'Asset Taxes', 'Depreciation Cost', 'Subscriptions & Lisences', 'Maintenance Cost', 'Transportation Maintenance', 'Training of Full Time Employees', 'Office Supplies', 'Corporate Management Expenses', 'Legal Fees', 'Cost of Financing']
2024-05-06 10:23:37,761 - ERROR - Failed to read config sheet in C:\Users\HP\Desktop\C files excel\2-OverHead Cost-Original.xlsx: Worksheet named 'config' not found
2024-05-06 10:23:39,585 - ERROR - Failed to read config sheet in C:\Users\HP\Desktop\C files excel\2-OverHead Cost-Original.xlsx: Worksheet named 'config' not found
2024-05-06 10:23:44,999 - ERROR - Failed to open C:\Users\HP\Desktop\C files excel\~$1-Direct Cost-Original (1).xlsx: [Errno 13] Permission denied: 'C:\\Users\\HP\\Desktop\\C files excel\\~$1-Direct Cost-Original (1).xlsx'
2024-05-06 10:23:45,001 - ERROR - Failed to open C:\Users\HP\Desktop\C files excel\~$1-Direct Cost-Original (1).xlsx: [Errno 13] Permission denied: 'C:\\Users\\HP\\Desktop\\C files excel\\~$1-Direct Cost-Original (1).xlsx'
2024-05-06 10:23:49,444 - INFO - Sheet names in C:\Users\HP\Desktop\C files excel\1-Direct Cost-Original (1).xlsx: ['Direct Cost Summary', 'config', 'Site personel & Labor ', 'Material Cost ', 'Equipment Cost + Maintenance ', 'Facilities & Utilities ', 'Project Insurance', 'Testing & Inspection ', 'Subcontractor Cost ', 'Equipment Rental ', 'Occasional Tips ', 'Permits & Fees ', 'Safety & Compliance Cost', 'scenario-INS']
2024-05-06 10:24:27,409 - ERROR - Error appending row to Direct Cost Summary in C:\Users\HP\Desktop\C files excel\1-Direct Cost-Original (1).xlsx: 'Column Name 9'
2024-05-06 10:32:12,223 - INFO - Excel files found: ['1-Direct Cost-Original (1).xlsx', '2-OverHead Cost-Original.xlsx']
2024-05-06 10:32:12,305 - INFO - Sheet names in C:\Users\HP\Desktop\C files excel\1-Direct Cost-Original (1).xlsx: ['Direct Cost Summary', 'config', 'Site personel & Labor ', 'Material Cost ', 'Equipment Cost + Maintenance ', 'Facilities & Utilities ', 'Project Insurance', 'Testing & Inspection ', 'Subcontractor Cost ', 'Equipment Rental ', 'Occasional Tips ', 'Permits & Fees ', 'Safety & Compliance Cost', 'scenario-INS']
2024-05-06 10:32:25,571 - INFO - Excel files found: ['1-Direct Cost-Original (1).xlsx', '2-OverHead Cost-Original.xlsx']
2024-05-06 10:32:25,653 - INFO - Sheet names in C:\Users\HP\Desktop\C files excel\1-Direct Cost-Original (1).xlsx: ['Direct Cost Summary', 'config', 'Site personel & Labor ', 'Material Cost ', 'Equipment Cost + Maintenance ', 'Facilities & Utilities ', 'Project Insurance', 'Testing & Inspection ', 'Subcontractor Cost ', 'Equipment Rental ', 'Occasional Tips ', 'Permits & Fees ', 'Safety & Compliance Cost', 'scenario-INS']
2024-05-06 10:32:30,503 - INFO - Excel files found: ['1-Direct Cost-Original (1).xlsx', '2-OverHead Cost-Original.xlsx']
2024-05-06 10:32:30,584 - INFO - Sheet names in C:\Users\HP\Desktop\C files excel\1-Direct Cost-Original (1).xlsx: ['Direct Cost Summary', 'config', 'Site personel & Labor ', 'Material Cost ', 'Equipment Cost + Maintenance ', 'Facilities & Utilities ', 'Project Insurance', 'Testing & Inspection ', 'Subcontractor Cost ', 'Equipment Rental ', 'Occasional Tips ', 'Permits & Fees ', 'Safety & Compliance Cost', 'scenario-INS']
2024-05-06 10:34:55,329 - INFO - Excel files found: ['1-Direct Cost-Original (1).xlsx', '2-OverHead Cost-Original.xlsx']
2024-05-06 10:34:55,409 - INFO - Sheet names in C:\Users\HP\Desktop\C files excel\1-Direct Cost-Original (1).xlsx: ['Direct Cost Summary', 'config', 'Site personel & Labor', 'Material Cost ', 'Equipment Cost + Maintenance ', 'Facilities & Utilities ', 'Project Insurance', 'Testing & Inspection ', 'Subcontractor Cost ', 'Equipment Rental ', 'Occasional Tips ', 'Permits & Fees ', 'Safety & Compliance Cost', 'scenario-INS']
2024-05-06 10:59:53,222 - INFO - Excel files found: ['1-Direct Cost-Original (1).xlsx', '2-OverHead Cost-Original.xlsx']
2024-05-06 10:59:53,300 - INFO - Sheet names in C:\Users\HP\Desktop\C files excel\1-Direct Cost-Original (1).xlsx: ['Direct Cost Summary', 'config', 'Site personel & Labor', 'Material Cost', 'Equipment Cost + Maintenance ', 'Facilities & Utilities ', 'Project Insurance', 'Testing & Inspection ', 'Subcontractor Cost ', 'Equipment Rental ', 'Occasional Tips ', 'Permits & Fees ', 'Safety & Compliance Cost', 'scenario-INS']
2024-05-06 11:01:32,986 - INFO - Excel files found: ['1-Direct Cost-Original (1).xlsx', '2-OverHead Cost-Original.xlsx']
2024-05-06 11:01:33,062 - INFO - Sheet names in C:\Users\HP\Desktop\C files excel\1-Direct Cost-Original (1).xlsx: ['Direct Cost Summary', 'config', 'Site personel & Labor', 'Material Cost', 'Equipment Cost + Maintenance', 'Facilities & Utilities ', 'Project Insurance', 'Testing & Inspection ', 'Subcontractor Cost ', 'Equipment Rental ', 'Occasional Tips ', 'Permits & Fees ', 'Safety & Compliance Cost', 'scenario-INS']
2024-05-06 11:17:27,274 - INFO - Excel files found: ['1-Direct Cost-Original (1).xlsx', '2-OverHead Cost-Original.xlsx', '~$1-Direct Cost-Original (1).xlsx']
2024-05-06 11:17:27,351 - INFO - Sheet names in C:\Users\HP\Desktop\C files excel\1-Direct Cost-Original (1).xlsx: ['Direct Cost Summary', 'config', 'Site personel & Labor', 'Material Cost', 'Equipment Cost + Maintenance', 'Facilities & Utilities ', 'Project Insurance', 'Testing & Inspection ', 'Subcontractor Cost ', 'Equipment Rental ', 'Occasional Tips ', 'Permits & Fees ', 'Safety & Compliance Cost', 'scenario-INS']
2024-05-06 11:42:31,816 - INFO - Excel files found: ['1-Direct Cost-Original (1).xlsx', '2-OverHead Cost-Original.xlsx', '~$1-Direct Cost-Original (1).xlsx']
2024-05-06 11:42:31,897 - INFO - Sheet names in C:\Users\HP\Desktop\C files excel\1-Direct Cost-Original (1).xlsx: ['Direct Cost Summary', 'config', 'Site personel & Labor', 'Material Cost', 'Equipment Cost + Maintenance', 'Facilities & Utilities', 'Project Insurance', 'Testing & Inspection', 'Subcontractor Cost', 'Equipment Rental', 'Occasional Tips', 'Permits & Fees', 'Safety & Compliance Cost', 'scenario-INS']
2024-05-06 11:52:47,244 - ERROR - Error appending row to Safety & Compliance Cost in C:\Users\HP\Desktop\C files excel\1-Direct Cost-Original (1).xlsx: [Errno 13] Permission denied: 'C:\\Users\\HP\\Desktop\\C files excel\\1-Direct Cost-Original (1).xlsx'
2024-05-06 11:54:34,215 - ERROR - Error appending row to Site personel & Labor in C:\Users\HP\Desktop\C files excel\1-Direct Cost-Original (1).xlsx: [Errno 13] Permission denied: 'C:\\Users\\HP\\Desktop\\C files excel\\1-Direct Cost-Original (1).xlsx'
2024-05-06 11:59:32,646 - INFO - Excel files found: ['1-Direct Cost-Original (1).xlsx', '2-OverHead Cost-Original.xlsx']
2024-05-06 11:59:32,727 - INFO - Sheet names in C:\Users\HP\Desktop\C files excel\1-Direct Cost-Original (1).xlsx: ['Direct Cost Summary', 'config', 'Site personel & Labor', 'Material Cost', 'Equipment Cost + Maintenance', 'Facilities & Utilities', 'Project Insurance', 'Testing & Inspection', 'Subcontractor Cost', 'Equipment Rental', 'Occasional Tips', 'Permits & Fees', 'Safety & Compliance Cost', 'scenario-INS']
2024-05-06 12:00:03,467 - INFO - Appended new row to Facilities & Utilities in C:\Users\HP\Desktop\C files excel\1-Direct Cost-Original (1).xlsx
2024-05-06 12:15:46,540 - INFO - Excel files found: ['1-Direct Cost-Original (1).xlsx', '2-OverHead Cost-Original.xlsx', '~$1-Direct Cost-Original (1).xlsx']
2024-05-06 12:15:46,622 - INFO - Sheet names in C:\Users\HP\Desktop\C files excel\1-Direct Cost-Original (1).xlsx: ['Direct Cost Summary', 'config', 'Site personel & Labor', 'Material Cost', 'Equipment Cost + Maintenance', 'Facilities & Utilities', 'Project Insurance', 'Testing & Inspection', 'Subcontractor Cost', 'Equipment Rental', 'Occasional Tips', 'Permits & Fees', 'Safety & Compliance Cost', 'scenario-INS']
2024-05-06 12:16:00,961 - ERROR - Error appending row to Site personel & Labor in C:\Users\HP\Desktop\C files excel\1-Direct Cost-Original (1).xlsx: [Errno 13] Permission denied: 'C:\\Users\\HP\\Desktop\\C files excel\\1-Direct Cost-Original (1).xlsx'
2024-05-06 12:17:43,588 - ERROR - Failed to open C:\Users\HP\Desktop\C files excel\~$1-Direct Cost-Original (1).xlsx: [Errno 13] Permission denied: 'C:\\Users\\HP\\Desktop\\C files excel\\~$1-Direct Cost-Original (1).xlsx'
2024-05-06 12:17:43,591 - ERROR - Failed to open C:\Users\HP\Desktop\C files excel\~$1-Direct Cost-Original (1).xlsx: [Errno 13] Permission denied: 'C:\\Users\\HP\\Desktop\\C files excel\\~$1-Direct Cost-Original (1).xlsx'
2024-05-06 12:17:54,131 - INFO - Sheet names in C:\Users\HP\Desktop\C files excel\2-OverHead Cost-Original.xlsx: ['General', 'Rental Cost', 'Transportation Cost', 'Salaries & Benefits', 'Utility Cost', 'Personal Insurance', 'Gov. Paper Cost', 'Work Insurance', 'Asset Taxes', 'Depreciation Cost', 'Subscriptions & Lisences', 'Maintenance Cost', 'Transportation Maintenance', 'Training of Full Time Employees', 'Office Supplies', 'Corporate Management Expenses', 'Legal Fees', 'Cost of Financing']
2024-05-06 12:17:54,164 - ERROR - Failed to read config sheet in C:\Users\HP\Desktop\C files excel\2-OverHead Cost-Original.xlsx: Worksheet named 'config' not found
2024-05-06 12:18:09,163 - INFO - Sheet names in C:\Users\HP\Desktop\C files excel\1-Direct Cost-Original (1).xlsx: ['Direct Cost Summary', 'config', 'Site personel & Labor', 'Material Cost', 'Equipment Cost + Maintenance', 'Facilities & Utilities', 'Project Insurance', 'Testing & Inspection', 'Subcontractor Cost', 'Equipment Rental', 'Occasional Tips', 'Permits & Fees', 'Safety & Compliance Cost', 'scenario-INS']
2024-05-06 12:18:25,051 - ERROR - Error appending row to Site personel & Labor in C:\Users\HP\Desktop\C files excel\1-Direct Cost-Original (1).xlsx: [Errno 13] Permission denied: 'C:\\Users\\HP\\Desktop\\C files excel\\1-Direct Cost-Original (1).xlsx'
2024-05-06 12:32:11,714 - INFO - Excel files found: ['1-Direct Cost-Original (1).xlsx', '2-OverHead Cost-Original.xlsx']
2024-05-06 12:32:11,861 - INFO - Sheet names in C:\Users\HP\Desktop\C files excel\1-Direct Cost-Original (1).xlsx: ['Direct Cost Summary', 'config', 'Site personel & Labor', 'Material Cost', 'Equipment Cost + Maintenance', 'Facilities & Utilities', 'Project Insurance', 'Testing & Inspection', 'Subcontractor Cost', 'Equipment Rental', 'Occasional Tips', 'Permits & Fees', 'Safety & Compliance Cost', 'scenario-INS']
2024-05-06 12:32:11,979 - INFO - Excel files found: ['1-Direct Cost-Original (1).xlsx', '2-OverHead Cost-Original.xlsx']
2024-05-06 12:32:12,049 - INFO - Sheet names in C:\Users\HP\Desktop\C files excel\1-Direct Cost-Original (1).xlsx: ['Direct Cost Summary', 'config', 'Site personel & Labor', 'Material Cost', 'Equipment Cost + Maintenance', 'Facilities & Utilities', 'Project Insurance', 'Testing & Inspection', 'Subcontractor Cost', 'Equipment Rental', 'Occasional Tips', 'Permits & Fees', 'Safety & Compliance Cost', 'scenario-INS']
2024-05-06 12:32:12,134 - INFO - Excel files found: ['1-Direct Cost-Original (1).xlsx', '2-OverHead Cost-Original.xlsx']
2024-05-06 12:32:12,235 - INFO - Sheet names in C:\Users\HP\Desktop\C files excel\1-Direct Cost-Original (1).xlsx: ['Direct Cost Summary', 'config', 'Site personel & Labor', 'Material Cost', 'Equipment Cost + Maintenance', 'Facilities & Utilities', 'Project Insurance', 'Testing & Inspection', 'Subcontractor Cost', 'Equipment Rental', 'Occasional Tips', 'Permits & Fees', 'Safety & Compliance Cost', 'scenario-INS']
2024-05-06 12:32:42,735 - INFO - Excel files found: ['1-Direct Cost-Original (1).xlsx', '2-OverHead Cost-Original.xlsx']
2024-05-06 12:32:42,803 - INFO - Sheet names in C:\Users\HP\Desktop\C files excel\1-Direct Cost-Original (1).xlsx: ['Direct Cost Summary', 'config', 'Site personel & Labor', 'Material Cost', 'Equipment Cost + Maintenance', 'Facilities & Utilities', 'Project Insurance', 'Testing & Inspection', 'Subcontractor Cost', 'Equipment Rental', 'Occasional Tips', 'Permits & Fees', 'Safety & Compliance Cost', 'scenario-INS']
2024-05-06 12:33:03,529 - INFO - Appended new row to Direct Cost Summary in C:\Users\HP\Desktop\C files excel\1-Direct Cost-Original (1).xlsx
2024-05-06 12:34:23,858 - ERROR - Error appending row to Site personel & Labor in C:\Users\HP\Desktop\C files excel\1-Direct Cost-Original (1).xlsx: [Errno 13] Permission denied: 'C:\\Users\\HP\\Desktop\\C files excel\\1-Direct Cost-Original (1).xlsx'
2024-05-06 12:35:27,160 - ERROR - Error appending row to Direct Cost Summary in C:\Users\HP\Desktop\C files excel\1-Direct Cost-Original (1).xlsx: [Errno 13] Permission denied: 'C:\\Users\\HP\\Desktop\\C files excel\\1-Direct Cost-Original (1).xlsx'
2024-05-06 12:35:40,828 - INFO - Excel files found: ['1-Direct Cost-Original (1).xlsx', '2-OverHead Cost-Original.xlsx', '~$1-Direct Cost-Original (1).xlsx']
2024-05-06 12:35:40,904 - INFO - Sheet names in C:\Users\HP\Desktop\C files excel\1-Direct Cost-Original (1).xlsx: ['Direct Cost Summary', 'config', 'Site personel & Labor', 'Material Cost', 'Equipment Cost + Maintenance', 'Facilities & Utilities', 'Project Insurance', 'Testing & Inspection', 'Subcontractor Cost', 'Equipment Rental', 'Occasional Tips', 'Permits & Fees', 'Safety & Compliance Cost', 'scenario-INS']
2024-05-06 12:35:49,573 - ERROR - Error appending row to Direct Cost Summary in C:\Users\HP\Desktop\C files excel\1-Direct Cost-Original (1).xlsx: [Errno 13] Permission denied: 'C:\\Users\\HP\\Desktop\\C files excel\\1-Direct Cost-Original (1).xlsx'
2024-05-06 12:36:20,701 - INFO - Excel files found: ['1-Direct Cost-Original (1).xlsx', '2-OverHead Cost-Original.xlsx', '~$1-Direct Cost-Original (1).xlsx']
2024-05-06 12:36:20,777 - INFO - Sheet names in C:\Users\HP\Desktop\C files excel\1-Direct Cost-Original (1).xlsx: ['Direct Cost Summary', 'config', 'Site personel & Labor', 'Material Cost', 'Equipment Cost + Maintenance', 'Facilities & Utilities', 'Project Insurance', 'Testing & Inspection', 'Subcontractor Cost', 'Equipment Rental', 'Occasional Tips', 'Permits & Fees', 'Safety & Compliance Cost', 'scenario-INS']
2024-05-06 12:36:27,527 - ERROR - Error appending row to Direct Cost Summary in C:\Users\HP\Desktop\C files excel\1-Direct Cost-Original (1).xlsx: [Errno 13] Permission denied: 'C:\\Users\\HP\\Desktop\\C files excel\\1-Direct Cost-Original (1).xlsx'
2024-05-06 12:36:51,920 - INFO - Excel files found: ['1-Direct Cost-Original (1).xlsx', '2-OverHead Cost-Original.xlsx']
2024-05-06 12:36:51,987 - INFO - Sheet names in C:\Users\HP\Desktop\C files excel\1-Direct Cost-Original (1).xlsx: ['Direct Cost Summary', 'config', 'Site personel & Labor', 'Material Cost', 'Equipment Cost + Maintenance', 'Facilities & Utilities', 'Project Insurance', 'Testing & Inspection', 'Subcontractor Cost', 'Equipment Rental', 'Occasional Tips', 'Permits & Fees', 'Safety & Compliance Cost', 'scenario-INS']
2024-05-06 12:37:01,324 - INFO - Appended new row to Direct Cost Summary in C:\Users\HP\Desktop\C files excel\1-Direct Cost-Original (1).xlsx
2024-05-06 12:37:37,907 - INFO - Excel files found: ['1-Direct Cost-Original (1).xlsx', '2-OverHead Cost-Original.xlsx']
2024-05-06 12:37:37,994 - INFO - Sheet names in C:\Users\HP\Desktop\C files excel\1-Direct Cost-Original (1).xlsx: ['Direct Cost Summary', 'config', 'Site personel & Labor', 'Material Cost', 'Equipment Cost + Maintenance', 'Facilities & Utilities', 'Project Insurance', 'Testing & Inspection', 'Subcontractor Cost', 'Equipment Rental', 'Occasional Tips', 'Permits & Fees', 'Safety & Compliance Cost', 'scenario-INS']
2024-05-06 12:37:46,651 - INFO - Appended new row to Direct Cost Summary in C:\Users\HP\Desktop\C files excel\1-Direct Cost-Original (1).xlsx
2024-05-06 12:38:12,096 - INFO - Appended new row to Direct Cost Summary in C:\Users\HP\Desktop\C files excel\1-Direct Cost-Original (1).xlsx
2024-05-06 12:38:42,085 - INFO - Appended new row to Site personel & Labor in C:\Users\HP\Desktop\C files excel\1-Direct Cost-Original (1).xlsx
2024-05-06 12:39:44,463 - INFO - Excel files found: ['1-Direct Cost-Original (1).xlsx', '2-OverHead Cost-Original.xlsx']
2024-05-06 12:39:44,540 - INFO - Sheet names in C:\Users\HP\Desktop\C files excel\1-Direct Cost-Original (1).xlsx: ['Direct Cost Summary', 'Site personel & Labor', 'config', 'Material Cost', 'Equipment Cost + Maintenance', 'Facilities & Utilities', 'Project Insurance', 'Testing & Inspection', 'Subcontractor Cost', 'Equipment Rental', 'Occasional Tips', 'Permits & Fees', 'Safety & Compliance Cost', 'scenario-INS']
2024-05-06 12:40:02,299 - INFO - Appended new row to Site personel & Labor in C:\Users\HP\Desktop\C files excel\1-Direct Cost-Original (1).xlsx
2024-05-06 12:41:15,829 - INFO - Appended new row to Direct Cost Summary in C:\Users\HP\Desktop\C files excel\1-Direct Cost-Original (1).xlsx
2024-05-06 12:41:43,664 - INFO - Appended new row to Direct Cost Summary in C:\Users\HP\Desktop\C files excel\1-Direct Cost-Original (1).xlsx
2024-05-06 12:44:04,024 - INFO - Appended new row to Site personel & Labor in C:\Users\HP\Desktop\C files excel\1-Direct Cost-Original (1).xlsx
2024-05-06 12:44:34,189 - INFO - Appended new row to Site personel & Labor in C:\Users\HP\Desktop\C files excel\1-Direct Cost-Original (1).xlsx
2024-05-06 12:46:29,089 - INFO - Appended new row to Site personel & Labor in C:\Users\HP\Desktop\C files excel\1-Direct Cost-Original (1).xlsx
2024-05-06 13:15:40,692 - INFO - Excel files found: ['1-Direct Cost-Original (1).xlsx', '2-OverHead Cost-Original.xlsx']
2024-05-06 13:15:40,762 - INFO - Sheet names in C:\Users\HP\Desktop\C files excel\1-Direct Cost-Original (1).xlsx: ['Direct Cost Summary', 'Site personel & Labor', 'config', 'Material Cost', 'Equipment Cost + Maintenance', 'Facilities & Utilities', 'Project Insurance', 'Testing & Inspection', 'Subcontractor Cost', 'Equipment Rental', 'Occasional Tips', 'Permits & Fees', 'Safety & Compliance Cost', 'scenario-INS']
2024-05-06 13:15:59,648 - INFO - Appended new row to Site personel & Labor in C:\Users\HP\Desktop\C files excel\1-Direct Cost-Original (1).xlsx
2024-05-06 13:18:59,296 - INFO - Excel files found: ['1-Direct Cost-Original (1).xlsx', '2-OverHead Cost-Original.xlsx']
2024-05-06 13:18:59,368 - INFO - Sheet names in C:\Users\HP\Desktop\C files excel\1-Direct Cost-Original (1).xlsx: ['Direct Cost Summary', 'Site personel & Labor', 'config', 'Material Cost', 'Equipment Cost + Maintenance', 'Facilities & Utilities', 'Project Insurance', 'Testing & Inspection', 'Subcontractor Cost', 'Equipment Rental', 'Occasional Tips', 'Permits & Fees', 'Safety & Compliance Cost', 'scenario-INS']
2024-05-06 13:19:23,024 - INFO - Appended new row to Site personel & Labor in C:\Users\HP\Desktop\C files excel\1-Direct Cost-Original (1).xlsx
2024-05-06 13:20:52,017 - INFO - Appended new row to Subcontractor Cost in C:\Users\HP\Desktop\C files excel\1-Direct Cost-Original (1).xlsx
2024-05-06 13:22:08,370 - INFO - Appended new row to Subcontractor Cost in C:\Users\HP\Desktop\C files excel\1-Direct Cost-Original (1).xlsx
2024-05-06 13:22:13,973 - INFO - Appended new row to Subcontractor Cost in C:\Users\HP\Desktop\C files excel\1-Direct Cost-Original (1).xlsx
2024-05-06 13:22:25,053 - INFO - Appended new row to Direct Cost Summary in C:\Users\HP\Desktop\C files excel\1-Direct Cost-Original (1).xlsx
2024-05-06 13:22:26,024 - INFO - Appended new row to Direct Cost Summary in C:\Users\HP\Desktop\C files excel\1-Direct Cost-Original (1).xlsx
2024-05-06 13:22:26,710 - ERROR - Error appending row to Direct Cost Summary in C:\Users\HP\Desktop\C files excel\1-Direct Cost-Original (1).xlsx: 'MergedCell' object attribute 'value' is read-only
2024-05-06 13:22:43,760 - ERROR - Error appending row to Direct Cost Summary in C:\Users\HP\Desktop\C files excel\1-Direct Cost-Original (1).xlsx: 'MergedCell' object attribute 'value' is read-only
2024-05-06 13:22:49,659 - ERROR - Error appending row to Direct Cost Summary in C:\Users\HP\Desktop\C files excel\1-Direct Cost-Original (1).xlsx: 'MergedCell' object attribute 'value' is read-only
2024-05-06 13:24:25,432 - ERROR - Error appending row to Direct Cost Summary in C:\Users\HP\Desktop\C files excel\1-Direct Cost-Original (1).xlsx: 'MergedCell' object attribute 'value' is read-only
2024-05-06 13:26:58,757 - ERROR - Error appending row to Direct Cost Summary in C:\Users\HP\Desktop\C files excel\1-Direct Cost-Original (1).xlsx: [Errno 13] Permission denied: 'C:\\Users\\HP\\Desktop\\C files excel\\1-Direct Cost-Original (1).xlsx'
2024-05-06 13:27:08,391 - INFO - Appended new row to Direct Cost Summary in C:\Users\HP\Desktop\C files excel\1-Direct Cost-Original (1).xlsx
2024-05-06 13:27:09,981 - INFO - Excel files found: ['1-Direct Cost-Original (1).xlsx', '2-OverHead Cost-Original.xlsx']
2024-05-06 13:27:10,061 - INFO - Sheet names in C:\Users\HP\Desktop\C files excel\1-Direct Cost-Original (1).xlsx: ['Direct Cost Summary', 'Site personel & Labor', 'config', 'Material Cost', 'Equipment Cost + Maintenance', 'Facilities & Utilities', 'Project Insurance', 'Testing & Inspection', 'Subcontractor Cost', 'Equipment Rental', 'Occasional Tips', 'Permits & Fees', 'Safety & Compliance Cost', 'scenario-INS']
2024-05-06 13:27:14,258 - INFO - Appended new row to Direct Cost Summary in C:\Users\HP\Desktop\C files excel\1-Direct Cost-Original (1).xlsx
2024-05-06 13:28:09,196 - INFO - Appended new row to Direct Cost Summary in C:\Users\HP\Desktop\C files excel\1-Direct Cost-Original (1).xlsx
2024-05-06 13:29:16,681 - INFO - Appended new row to Site personel & Labor in C:\Users\HP\Desktop\C files excel\1-Direct Cost-Original (1).xlsx
2024-05-06 13:30:05,009 - INFO - Appended new row to Site personel & Labor in C:\Users\HP\Desktop\C files excel\1-Direct Cost-Original (1).xlsx
2024-05-06 13:30:35,237 - INFO - Excel files found: ['1-Direct Cost-Original (1).xlsx', '2-OverHead Cost-Original.xlsx']
2024-05-06 13:30:35,322 - INFO - Sheet names in C:\Users\HP\Desktop\C files excel\1-Direct Cost-Original (1).xlsx: ['Direct Cost Summary', 'Site personel & Labor', 'config', 'Material Cost', 'Equipment Cost + Maintenance', 'Facilities & Utilities', 'Project Insurance', 'Testing & Inspection', 'Subcontractor Cost', 'Equipment Rental', 'Occasional Tips', 'Permits & Fees', 'Safety & Compliance Cost', 'scenario-INS']
2024-05-06 13:30:41,796 - INFO - Appended new row to Site personel & Labor in C:\Users\HP\Desktop\C files excel\1-Direct Cost-Original (1).xlsx
2024-05-06 13:33:23,311 - ERROR - Error appending row to Site personel & Labor in C:\Users\HP\Desktop\C files excel\1-Direct Cost-Original (1).xlsx: [Errno 13] Permission denied: 'C:\\Users\\HP\\Desktop\\C files excel\\1-Direct Cost-Original (1).xlsx'
2024-05-06 13:33:41,400 - INFO - Appended new row to Direct Cost Summary in C:\Users\HP\Desktop\C files excel\1-Direct Cost-Original (1).xlsx
2024-05-06 13:34:30,191 - INFO - Appended new row to Direct Cost Summary in C:\Users\HP\Desktop\C files excel\1-Direct Cost-Original (1).xlsx
2024-05-30 13:01:12,011 - INFO - Excel files found: ['1-Direct Cost-Original (1).xlsx', '2-OverHead Cost-Original.xlsx', '~$1-Direct Cost-Original (1).xlsx']
2024-05-30 13:01:12,137 - INFO - Sheet names in C:\Users\HP\Desktop\C files excel\1-Direct Cost-Original (1).xlsx: ['Direct Cost Summary', 'Site personel & Labor', 'config', 'Material Cost', 'Equipment Cost + Maintenance', 'Facilities & Utilities', 'Project Insurance', 'Testing & Inspection', 'Subcontractor Cost', 'Equipment Rental', 'Occasional Tips', 'Permits & Fees', 'Safety & Compliance Cost', 'scenario-INS']
2024-05-30 13:03:56,249 - ERROR - Error appending row to Material Cost in C:\Users\HP\Desktop\C files excel\1-Direct Cost-Original (1).xlsx: [Errno 13] Permission denied: 'C:\\Users\\HP\\Desktop\\C files excel\\1-Direct Cost-Original (1).xlsx'
2024-05-30 13:04:17,665 - ERROR - Error appending row to Direct Cost Summary in C:\Users\HP\Desktop\C files excel\1-Direct Cost-Original (1).xlsx: [Errno 13] Permission denied: 'C:\\Users\\HP\\Desktop\\C files excel\\1-Direct Cost-Original (1).xlsx'
2024-05-30 13:04:37,198 - INFO - Excel files found: ['1-Direct Cost-Original (1).xlsx', '2-OverHead Cost-Original.xlsx', '~$1-Direct Cost-Original (1).xlsx']
2024-05-30 13:04:37,281 - INFO - Sheet names in C:\Users\HP\Desktop\C files excel\1-Direct Cost-Original (1).xlsx: ['Direct Cost Summary', 'Site personel & Labor', 'config', 'Material Cost', 'Equipment Cost + Maintenance', 'Facilities & Utilities', 'Project Insurance', 'Testing & Inspection', 'Subcontractor Cost', 'Equipment Rental', 'Occasional Tips', 'Permits & Fees', 'Safety & Compliance Cost', 'scenario-INS']
2024-05-30 13:04:53,342 - ERROR - Error appending row to Direct Cost Summary in C:\Users\HP\Desktop\C files excel\1-Direct Cost-Original (1).xlsx: [Errno 13] Permission denied: 'C:\\Users\\HP\\Desktop\\C files excel\\1-Direct Cost-Original (1).xlsx'
2024-05-30 13:05:21,085 - INFO - Excel files found: ['1-Direct Cost-Original (1).xlsx', '2-OverHead Cost-Original.xlsx', '~$1-Direct Cost-Original (1).xlsx']
2024-05-30 13:05:21,199 - INFO - Sheet names in C:\Users\HP\Desktop\C files excel\1-Direct Cost-Original (1).xlsx: ['Direct Cost Summary', 'Site personel & Labor', 'config', 'Material Cost', 'Equipment Cost + Maintenance', 'Facilities & Utilities', 'Project Insurance', 'Testing & Inspection', 'Subcontractor Cost', 'Equipment Rental', 'Occasional Tips', 'Permits & Fees', 'Safety & Compliance Cost', 'scenario-INS']
2024-05-30 13:05:32,559 - ERROR - Error appending row to Direct Cost Summary in C:\Users\HP\Desktop\C files excel\1-Direct Cost-Original (1).xlsx: [Errno 13] Permission denied: 'C:\\Users\\HP\\Desktop\\C files excel\\1-Direct Cost-Original (1).xlsx'
2024-05-30 13:06:04,707 - INFO - Excel files found: ['1-Direct Cost-Original (1).xlsx', '2-OverHead Cost-Original.xlsx']
2024-05-30 13:06:04,764 - INFO - Sheet names in C:\Users\HP\Desktop\C files excel\1-Direct Cost-Original (1).xlsx: ['Direct Cost Summary', 'Site personel & Labor', 'config', 'Material Cost', 'Equipment Cost + Maintenance', 'Facilities & Utilities', 'Project Insurance', 'Testing & Inspection', 'Subcontractor Cost', 'Equipment Rental', 'Occasional Tips', 'Permits & Fees', 'Safety & Compliance Cost', 'scenario-INS']
2024-05-30 13:06:13,641 - INFO - Appended new row to Direct Cost Summary in C:\Users\HP\Desktop\C files excel\1-Direct Cost-Original (1).xlsx
2024-05-30 13:06:43,156 - ERROR - Error appending row to Direct Cost Summary in C:\Users\HP\Desktop\C files excel\1-Direct Cost-Original (1).xlsx: [Errno 13] Permission denied: 'C:\\Users\\HP\\Desktop\\C files excel\\1-Direct Cost-Original (1).xlsx'
2024-05-30 13:06:53,993 - INFO - Appended new row to Direct Cost Summary in C:\Users\HP\Desktop\C files excel\1-Direct Cost-Original (1).xlsx
2024-05-30 13:07:17,140 - INFO - Appended new row to Direct Cost Summary in C:\Users\HP\Desktop\C files excel\1-Direct Cost-Original (1).xlsx
2024-05-30 13:07:22,138 - INFO - Appended new row to Direct Cost Summary in C:\Users\HP\Desktop\C files excel\1-Direct Cost-Original (1).xlsx
2024-05-30 13:09:16,625 - INFO - Sheet names in C:\Users\HP\Desktop\C files excel\2-OverHead Cost-Original.xlsx: ['General', 'Rental Cost', 'Transportation Cost', 'Salaries & Benefits', 'Utility Cost', 'Personal Insurance', 'Gov. Paper Cost', 'Work Insurance', 'Asset Taxes', 'Depreciation Cost', 'Subscriptions & Lisences', 'Maintenance Cost', 'Transportation Maintenance', 'Training of Full Time Employees', 'Office Supplies', 'Corporate Management Expenses', 'Legal Fees', 'Cost of Financing']
2024-05-30 13:09:16,656 - ERROR - Failed to read config sheet in C:\Users\HP\Desktop\C files excel\2-OverHead Cost-Original.xlsx: Worksheet named 'config' not found
2024-05-30 13:09:25,088 - ERROR - Failed to read config sheet in C:\Users\HP\Desktop\C files excel\2-OverHead Cost-Original.xlsx: Worksheet named 'config' not found
2024-05-30 13:09:28,066 - ERROR - Failed to read config sheet in C:\Users\HP\Desktop\C files excel\2-OverHead Cost-Original.xlsx: Worksheet named 'config' not found
2024-05-30 13:09:32,990 - ERROR - Failed to read config sheet in C:\Users\HP\Desktop\C files excel\2-OverHead Cost-Original.xlsx: Worksheet named 'config' not found
2024-05-30 13:11:22,124 - INFO - Excel files found: ['1-Direct Cost-Original (1).xlsx', '2-OverHead Cost-Original.xlsx', '~$1-Direct Cost-Original (1).xlsx']
2024-05-30 13:11:22,182 - INFO - Sheet names in C:\Users\HP\Desktop\C files excel\1-Direct Cost-Original (1).xlsx: ['Direct Cost Summary', 'Site personel & Labor', 'config', 'Material Cost', 'Equipment Cost + Maintenance', 'Facilities & Utilities', 'Project Insurance', 'Testing & Inspection', 'Subcontractor Cost', 'Equipment Rental', 'Occasional Tips', 'Permits & Fees', 'Safety & Compliance Cost', 'scenario-INS']
2024-05-30 13:11:32,670 - INFO - Appended new row to Direct Cost Summary in C:\Users\HP\Desktop\C files excel\1-Direct Cost-Original (1).xlsx
2024-05-30 13:13:25,098 - INFO - Sheet names in C:\Users\HP\Desktop\C files excel\2-OverHead Cost-Original.xlsx: ['General', 'Rental Cost', 'Transportation Cost', 'Salaries & Benefits', 'Utility Cost', 'Personal Insurance', 'Gov. Paper Cost', 'Work Insurance', 'Asset Taxes', 'Depreciation Cost', 'Subscriptions & Lisences', 'Maintenance Cost', 'Transportation Maintenance', 'Training of Full Time Employees', 'Office Supplies', 'Corporate Management Expenses', 'Legal Fees', 'Cost of Financing']
2024-05-30 13:13:25,130 - ERROR - Failed to read config sheet in C:\Users\HP\Desktop\C files excel\2-OverHead Cost-Original.xlsx: Worksheet named 'config' not found
2024-06-03 14:36:36,054 - INFO - Excel files found: ['1-Direct Cost-Original (1).xlsx', '2-OverHead Cost-Original.xlsx']
2024-06-03 14:36:36,281 - INFO - Sheet names in C:\Users\Mariam\Desktop\hattab\1-Direct Cost-Original (1).xlsx: ['Direct Cost Summary', 'Site personel & Labor', 'config', 'Material Cost', 'Equipment Cost + Maintenance', 'Facilities & Utilities', 'Project Insurance', 'Testing & Inspection', 'Subcontractor Cost', 'Equipment Rental', 'Occasional Tips', 'Permits & Fees', 'Safety & Compliance Cost', 'scenario-INS']
2024-06-03 14:40:47,942 - INFO - Excel files found: ['1-Direct Cost-Original (1).xlsx', '2-OverHead Cost-Original.xlsx']
2024-06-03 14:40:48,108 - INFO - Sheet names in C:\Users\Mariam\Desktop\hattab\1-Direct Cost-Original (1).xlsx: ['Direct Cost Summary', 'Site personel & Labor', 'config', 'Material Cost', 'Equipment Cost + Maintenance', 'Facilities & Utilities', 'Project Insurance', 'Testing & Inspection', 'Subcontractor Cost', 'Equipment Rental', 'Occasional Tips', 'Permits & Fees', 'Safety & Compliance Cost', 'scenario-INS']
2024-06-03 14:40:48,188 - INFO - Excel files found: ['1-Direct Cost-Original (1).xlsx', '2-OverHead Cost-Original.xlsx']
2024-06-03 14:40:48,238 - INFO - Sheet names in C:\Users\Mariam\Desktop\hattab\1-Direct Cost-Original (1).xlsx: ['Direct Cost Summary', 'Site personel & Labor', 'config', 'Material Cost', 'Equipment Cost + Maintenance', 'Facilities & Utilities', 'Project Insurance', 'Testing & Inspection', 'Subcontractor Cost', 'Equipment Rental', 'Occasional Tips', 'Permits & Fees', 'Safety & Compliance Cost', 'scenario-INS']
2024-06-03 14:42:47,668 - INFO - Excel files found: ['1-Direct Cost-Original (1).xlsx', '2-OverHead Cost-Original.xlsx']
2024-06-03 14:42:47,713 - INFO - Sheet names in C:\Users\Mariam\Desktop\hattab\1-Direct Cost-Original (1).xlsx: ['Direct Cost Summary', 'Site personel & Labor', 'config', 'Material Cost', 'Equipment Cost + Maintenance', 'Facilities & Utilities', 'Project Insurance', 'Testing & Inspection', 'Subcontractor Cost', 'Equipment Rental', 'Occasional Tips', 'Permits & Fees', 'Safety & Compliance Cost', 'scenario-INS']
2024-06-03 14:44:49,527 - INFO - Excel files found: ['1-Direct Cost-Original (1).xlsx', '2-OverHead Cost-Original.xlsx']
2024-06-03 14:44:49,582 - INFO - Sheet names in C:\Users\Mariam\Desktop\hattab\1-Direct Cost-Original (1).xlsx: ['Direct Cost Summary', 'Site personel & Labor', 'config', 'Material Cost', 'Equipment Cost + Maintenance', 'Facilities & Utilities', 'Project Insurance', 'Testing & Inspection', 'Subcontractor Cost', 'Equipment Rental', 'Occasional Tips', 'Permits & Fees', 'Safety & Compliance Cost', 'scenario-INS']
2024-06-03 14:44:50,196 - INFO - Excel files found: ['1-Direct Cost-Original (1).xlsx', '2-OverHead Cost-Original.xlsx']
2024-06-03 14:44:50,289 - INFO - Sheet names in C:\Users\Mariam\Desktop\hattab\1-Direct Cost-Original (1).xlsx: ['Direct Cost Summary', 'Site personel & Labor', 'config', 'Material Cost', 'Equipment Cost + Maintenance', 'Facilities & Utilities', 'Project Insurance', 'Testing & Inspection', 'Subcontractor Cost', 'Equipment Rental', 'Occasional Tips', 'Permits & Fees', 'Safety & Compliance Cost', 'scenario-INS']
2024-06-03 14:46:55,364 - INFO - Excel files found: ['1-Direct Cost-Original (1).xlsx', '2-OverHead Cost-Original.xlsx']
2024-06-03 14:46:55,406 - INFO - Sheet names in C:\Users\Mariam\Desktop\hattab\1-Direct Cost-Original (1).xlsx: ['Direct Cost Summary', 'Site personel & Labor', 'config', 'Material Cost', 'Equipment Cost + Maintenance', 'Facilities & Utilities', 'Project Insurance', 'Testing & Inspection', 'Subcontractor Cost', 'Equipment Rental', 'Occasional Tips', 'Permits & Fees', 'Safety & Compliance Cost', 'scenario-INS']
2024-06-03 14:48:59,752 - INFO - Excel files found: ['1-Direct Cost-Original (1).xlsx', '2-OverHead Cost-Original.xlsx']
2024-06-03 14:48:59,813 - INFO - Sheet names in C:\Users\Mariam\Desktop\hattab\1-Direct Cost-Original (1).xlsx: ['Direct Cost Summary', 'Site personel & Labor', 'config', 'Material Cost', 'Equipment Cost + Maintenance', 'Facilities & Utilities', 'Project Insurance', 'Testing & Inspection', 'Subcontractor Cost', 'Equipment Rental', 'Occasional Tips', 'Permits & Fees', 'Safety & Compliance Cost', 'scenario-INS']
2024-06-03 14:51:02,646 - INFO - Excel files found: ['1-Direct Cost-Original (1).xlsx', '2-OverHead Cost-Original.xlsx']
2024-06-03 14:51:02,687 - INFO - Sheet names in C:\Users\Mariam\Desktop\hattab\1-Direct Cost-Original (1).xlsx: ['Direct Cost Summary', 'Site personel & Labor', 'config', 'Material Cost', 'Equipment Cost + Maintenance', 'Facilities & Utilities', 'Project Insurance', 'Testing & Inspection', 'Subcontractor Cost', 'Equipment Rental', 'Occasional Tips', 'Permits & Fees', 'Safety & Compliance Cost', 'scenario-INS']
2024-06-04 08:54:07,082 - INFO - Excel files found: ['1-Direct Cost-Original (1).xlsx', '2-OverHead Cost-Original.xlsx']
2024-06-04 08:54:07,197 - INFO - Sheet names in C:\Users\Mariam\Desktop\hattab\1-Direct Cost-Original (1).xlsx: ['Direct Cost Summary', 'Site personel & Labor', 'config', 'Material Cost', 'Equipment Cost + Maintenance', 'Facilities & Utilities', 'Project Insurance', 'Testing & Inspection', 'Subcontractor Cost', 'Equipment Rental', 'Occasional Tips', 'Permits & Fees', 'Safety & Compliance Cost', 'scenario-INS']
2024-06-04 10:51:58,463 - INFO - Excel files found: ['1-Direct Cost-Original (1).xlsx', '2-OverHead Cost-Original.xlsx']
2024-06-04 10:51:58,682 - INFO - Sheet names in C:\Users\Mariam\Desktop\hattab\1-Direct Cost-Original (1).xlsx: ['Direct Cost Summary', 'Site personel & Labor', 'config', 'Material Cost', 'Equipment Cost + Maintenance', 'Facilities & Utilities', 'Project Insurance', 'Testing & Inspection', 'Subcontractor Cost', 'Equipment Rental', 'Occasional Tips', 'Permits & Fees', 'Safety & Compliance Cost', 'scenario-INS']
2024-06-04 11:44:40,357 - ERROR - No such comm target registered: jupyter.widget.control
2024-06-04 11:44:40,364 - WARNING - No such comm: f537df41-12c5-46c2-af09-8dc396373ced
2024-06-04 12:42:18,125 - ERROR - No such comm target registered: jupyter.widget.control
2024-06-04 12:42:18,140 - WARNING - No such comm: e66c7966-e5e8-4091-b248-4f106e5d9676
2024-06-04 13:01:52,879 - INFO - Excel files found: ['1-Direct Cost-Original (1).xlsx', '2-OverHead Cost-Original.xlsx']
2024-06-04 13:01:52,972 - INFO - Sheet names in C:\Users\Mariam\Desktop\hattab\1-Direct Cost-Original (1).xlsx: ['Direct Cost Summary', 'Site personel & Labor', 'config', 'Material Cost', 'Equipment Cost + Maintenance', 'Facilities & Utilities', 'Project Insurance', 'Testing & Inspection', 'Subcontractor Cost', 'Equipment Rental', 'Occasional Tips', 'Permits & Fees', 'Safety & Compliance Cost', 'scenario-INS']
2024-06-04 13:01:53,078 - INFO - Excel files found: ['1-Direct Cost-Original (1).xlsx', '2-OverHead Cost-Original.xlsx']
2024-06-04 13:01:53,126 - INFO - Sheet names in C:\Users\Mariam\Desktop\hattab\1-Direct Cost-Original (1).xlsx: ['Direct Cost Summary', 'Site personel & Labor', 'config', 'Material Cost', 'Equipment Cost + Maintenance', 'Facilities & Utilities', 'Project Insurance', 'Testing & Inspection', 'Subcontractor Cost', 'Equipment Rental', 'Occasional Tips', 'Permits & Fees', 'Safety & Compliance Cost', 'scenario-INS']
2024-06-04 13:01:53,195 - INFO - Excel files found: ['1-Direct Cost-Original (1).xlsx', '2-OverHead Cost-Original.xlsx']
2024-06-04 13:01:53,243 - INFO - Sheet names in C:\Users\Mariam\Desktop\hattab\1-Direct Cost-Original (1).xlsx: ['Direct Cost Summary', 'Site personel & Labor', 'config', 'Material Cost', 'Equipment Cost + Maintenance', 'Facilities & Utilities', 'Project Insurance', 'Testing & Inspection', 'Subcontractor Cost', 'Equipment Rental', 'Occasional Tips', 'Permits & Fees', 'Safety & Compliance Cost', 'scenario-INS']
2024-06-04 13:01:59,361 - INFO - Excel files found: ['1-Direct Cost-Original (1).xlsx', '2-OverHead Cost-Original.xlsx']
2024-06-04 13:01:59,401 - INFO - Sheet names in C:\Users\Mariam\Desktop\hattab\1-Direct Cost-Original (1).xlsx: ['Direct Cost Summary', 'Site personel & Labor', 'config', 'Material Cost', 'Equipment Cost + Maintenance', 'Facilities & Utilities', 'Project Insurance', 'Testing & Inspection', 'Subcontractor Cost', 'Equipment Rental', 'Occasional Tips', 'Permits & Fees', 'Safety & Compliance Cost', 'scenario-INS']
2024-06-04 13:06:17,303 - INFO - Excel files found: ['1-Direct Cost-Original (1).xlsx', '2-OverHead Cost-Original.xlsx']
2024-06-04 13:06:17,368 - INFO - Sheet names in C:\Users\Mariam\Desktop\hattab\1-Direct Cost-Original (1).xlsx: ['Direct Cost Summary', 'Site personel & Labor', 'config', 'Material Cost', 'Equipment Cost + Maintenance', 'Facilities & Utilities', 'Project Insurance', 'Testing & Inspection', 'Subcontractor Cost', 'Equipment Rental', 'Occasional Tips', 'Permits & Fees', 'Safety & Compliance Cost', 'scenario-INS']
2024-06-04 13:06:23,584 - INFO - Excel files found: ['1-Direct Cost-Original (1).xlsx', '2-OverHead Cost-Original.xlsx']
2024-06-04 13:06:23,655 - INFO - Sheet names in C:\Users\Mariam\Desktop\hattab\1-Direct Cost-Original (1).xlsx: ['Direct Cost Summary', 'Site personel & Labor', 'config', 'Material Cost', 'Equipment Cost + Maintenance', 'Facilities & Utilities', 'Project Insurance', 'Testing & Inspection', 'Subcontractor Cost', 'Equipment Rental', 'Occasional Tips', 'Permits & Fees', 'Safety & Compliance Cost', 'scenario-INS']
2024-06-13 09:59:32,202 - INFO - Excel files found: ['1-Direct Cost-Original (1).xlsx', '2-OverHead Cost-Original.xlsx']
2024-06-13 10:01:59,139 - ERROR - No such comm target registered: jupyter.widget.control
2024-06-13 10:01:59,147 - WARNING - No such comm: 50854120-7ad9-46fc-9fb8-941658352c09
2024-06-13 10:02:54,746 - INFO - Excel files found: ['1-Direct Cost-Original.xlsx', '2-OverHead Cost-Original.xlsx']
2024-06-13 10:06:23,765 - INFO - Excel files found: ['1-Direct Cost-Original.xlsx', '2-OverHead Cost-Original.xlsx']
2024-06-13 10:08:00,210 - INFO - Excel files found: ['1-Direct Cost-Original.xlsx', '2-OverHead Cost-Original.xlsx']
2024-06-13 10:08:58,974 - INFO - Excel files found: ['1-Direct Cost-Original.xlsx', '2-OverHead Cost-Original.xlsx']
2024-06-13 10:11:04,047 - INFO - Excel files found: ['1-Direct Cost-Original.xlsx', '2-OverHead Cost-Original.xlsx']
2024-06-13 10:12:34,020 - ERROR - No such comm target registered: jupyter.widget.control
2024-06-13 10:12:34,022 - WARNING - No such comm: 2d741a52-8081-4053-ac8e-a67eca9b894a
2024-06-13 10:12:39,183 - INFO - Excel files found: ['1-Direct Cost-Original.xlsx', '2-OverHead Cost-Original.xlsx']
2024-06-13 12:39:04,295 - ERROR - No such comm target registered: jupyter.widget.control
2024-06-13 12:39:04,295 - WARNING - No such comm: bab1d07a-6271-414c-b05f-14f14c0ae929
2024-06-13 15:00:02,537 - ERROR - No such comm target registered: jupyter.widget.control
2024-06-13 15:00:02,537 - WARNING - No such comm: 5c231ea3-a50d-4873-b8e8-4e427fc3bd3a
